INFO 2024-03-27 19:56:10,980 autoreload 17024 2200 Watching for file changes with StatReloader
INFO 2024-03-27 19:56:17,061 basehttp 17024 1760 "GET /taskApp/task1/ HTTP/1.1" 200 13
INFO 2024-03-27 20:01:40,737 autoreload 17024 2200 C:\Users\chern\Documents\PythonCourse\DjangoCourse\seminars\seminars\settings.py changed, reloading.
INFO 2024-03-27 20:01:41,325 autoreload 3668 19648 Watching for file changes with StatReloader
INFO 2024-03-27 20:01:49,571 views 3668 11928 Index page accessed
INFO 2024-03-27 20:01:49,572 basehttp 3668 11928 "GET /taskApp/task1/ HTTP/1.1" 200 13
INFO 2024-03-27 20:12:03,753 autoreload 3668 19648 C:\Users\chern\Documents\PythonCourse\DjangoCourse\seminars\tasksApp\views.py changed, reloading.
INFO 2024-03-27 20:12:04,515 autoreload 17152 11512 Watching for file changes with StatReloader
INFO 2024-03-27 20:13:29,044 autoreload 17152 11512 C:\Users\chern\Documents\PythonCourse\DjangoCourse\seminars\tasksApp\views.py changed, reloading.
INFO 2024-03-27 20:13:29,696 autoreload 21388 13060 Watching for file changes with StatReloader
INFO 2024-03-27 20:15:52,462 autoreload 21388 13060 C:\Users\chern\Documents\PythonCourse\DjangoCourse\seminars\tasksApp\views.py changed, reloading.
INFO 2024-03-27 20:15:53,317 autoreload 18052 17884 Watching for file changes with StatReloader
INFO 2024-03-27 20:20:43,403 autoreload 18052 17884 C:\Users\chern\Documents\PythonCourse\DjangoCourse\seminars\tasksApp\urls.py changed, reloading.
INFO 2024-03-27 20:20:43,971 autoreload 14408 21040 Watching for file changes with StatReloader
INFO 2024-03-27 20:21:00,192 basehttp 14408 18448 "GET /taskApp/main HTTP/1.1" 301 0
ERROR 2024-03-27 20:21:00,368 log 14408 10564 Internal Server Error: /taskApp/main/
Traceback (most recent call last):
  File "C:\Users\chern\Documents\PythonCourse\DjangoCourse\venv\lib\site-packages\django\core\handlers\exception.py", line 55, in inner
    response = get_response(request)
  File "C:\Users\chern\Documents\PythonCourse\DjangoCourse\venv\lib\site-packages\django\utils\deprecation.py", line 136, in __call__
    response = self.process_response(request, response)
  File "C:\Users\chern\Documents\PythonCourse\DjangoCourse\venv\lib\site-packages\django\middleware\clickjacking.py", line 27, in process_response
    if response.get("X-Frame-Options") is not None:
AttributeError: 'str' object has no attribute 'get'
ERROR 2024-03-27 20:21:00,369 basehttp 14408 10564 "GET /taskApp/main/ HTTP/1.1" 500 65962
INFO 2024-03-27 20:22:17,013 autoreload 14408 21040 C:\Users\chern\Documents\PythonCourse\DjangoCourse\seminars\tasksApp\views.py changed, reloading.
INFO 2024-03-27 20:22:17,546 autoreload 24080 15712 Watching for file changes with StatReloader
INFO 2024-03-27 20:22:23,122 basehttp 24080 15960 "GET /taskApp/main/ HTTP/1.1" 200 238
INFO 2024-03-27 20:22:47,595 autoreload 24080 15712 C:\Users\chern\Documents\PythonCourse\DjangoCourse\seminars\tasksApp\views.py changed, reloading.
INFO 2024-03-27 20:22:48,001 autoreload 21352 21412 Watching for file changes with StatReloader
INFO 2024-03-27 20:22:52,662 basehttp 21352 8348 "GET /taskApp/main/ HTTP/1.1" 200 252
INFO 2024-03-27 20:25:32,831 autoreload 21352 21412 C:\Users\chern\Documents\PythonCourse\DjangoCourse\seminars\tasksApp\views.py changed, reloading.
INFO 2024-03-27 20:25:33,420 autoreload 2952 21944 Watching for file changes with StatReloader
INFO 2024-03-27 20:25:49,112 basehttp 2952 22036 "GET /taskApp/about/ HTTP/1.1" 200 215
